<?xml version="1.0" encoding="UTF-8"?>
<!-- Generated by org.testng.reporters.JUnitReportReporter -->
<testsuite hostname="DESKTOP-4JSDMOS" failures="0" tests="3" name="com.basics.BasicChecks_2" time="2.524" errors="0" timestamp="2021-10-03T12:31:18 IST" skipped="2">
  <testcase classname="com.basics.BasicChecks_2" name="bddGetReq" time="2.524"/>
  <system-out/>
  <testcase classname="com.basics.BasicChecks_2" name="getRequest">
    <skipped/>
  </testcase> <!-- getRequest -->
  <system-out/>
  <testcase classname="com.basics.BasicChecks_2" name="getReq">
    <skipped/>
  </testcase> <!-- getReq -->
  <system-out/>
</testsuite> <!-- com.basics.BasicChecks_2 -->
