<?xml version="1.0" encoding="UTF-8"?>
<!-- Generated by org.testng.reporters.JUnitReportReporter -->
<testsuite hostname="DESKTOP-4JSDMOS" failures="0" tests="1" name="com.basics.AddPlace" time="4.235" errors="0" timestamp="2021-10-03T13:02:10 IST" skipped="0">
  <testcase classname="com.basics.AddPlace" name="addPlace" time="4.235"/>
  <system-out/>
</testsuite> <!-- com.basics.AddPlace -->
